<?xml version="1.0" encoding="UTF-8"?>
<!-- Generated by org.testng.reporters.JUnitReportReporter -->
<testsuite hostname="DESKTOP-N87J3PB" failures="0" tests="1" name="com.qa.auto.modules.TestRunner" time="6.954" errors="0" timestamp="2024-07-17T11:08:57 IST" skipped="0">
  <testcase classname="com.qa.auto.modules.TestRunner" name="runScenario" time="6.954"/>
  <system-out/>
</testsuite> <!-- com.qa.auto.modules.TestRunner -->
